0 info it worked if it ends with ok
1 verbose cli [ 'C:\\Program Files\\nodejs\\node.exe',
1 verbose cli   'C:\\Program Files\\nodejs\\node_modules\\npm\\bin\\npm-cli.js',
1 verbose cli   'install',
1 verbose cli   '--save',
1 verbose cli   'json-loader' ]
2 info using npm@2.15.9
3 info using node@v4.5.0
4 verbose install initial load of C:\Users\xeeadmin\xee\apps\xee_ellsberg_paradox_simple\package.json
5 warn package.json xee-boilerplate@1.0.0 No description
6 verbose installManyTop reading scoped package data from C:\Users\xeeadmin\xee\apps\xee_ellsberg_paradox_simple\node_modules\babel-core\package.json
7 verbose installManyTop reading scoped package data from C:\Users\xeeadmin\xee\apps\xee_ellsberg_paradox_simple\node_modules\babel-loader\package.json
8 verbose installManyTop reading scoped package data from C:\Users\xeeadmin\xee\apps\xee_ellsberg_paradox_simple\node_modules\babel-polyfill\package.json
9 verbose installManyTop reading scoped package data from C:\Users\xeeadmin\xee\apps\xee_ellsberg_paradox_simple\node_modules\babel-preset-es2015\package.json
10 verbose installManyTop reading scoped package data from C:\Users\xeeadmin\xee\apps\xee_ellsberg_paradox_simple\node_modules\babel-preset-react\package.json
11 verbose installManyTop reading scoped package data from C:\Users\xeeadmin\xee\apps\xee_ellsberg_paradox_simple\node_modules\combine-section-reducers\package.json
12 verbose installManyTop reading scoped package data from C:\Users\xeeadmin\xee\apps\xee_ellsberg_paradox_simple\node_modules\material-ui\package.json
13 verbose installManyTop reading scoped package data from C:\Users\xeeadmin\xee\apps\xee_ellsberg_paradox_simple\node_modules\react\package.json
14 verbose installManyTop reading scoped package data from C:\Users\xeeadmin\xee\apps\xee_ellsberg_paradox_simple\node_modules\react-dom\package.json
15 verbose installManyTop reading scoped package data from C:\Users\xeeadmin\xee\apps\xee_ellsberg_paradox_simple\node_modules\react-highcharts\package.json
16 verbose installManyTop reading scoped package data from C:\Users\xeeadmin\xee\apps\xee_ellsberg_paradox_simple\node_modules\react-motion\package.json
17 verbose installManyTop reading scoped package data from C:\Users\xeeadmin\xee\apps\xee_ellsberg_paradox_simple\node_modules\react-redux\package.json
18 verbose installManyTop reading scoped package data from C:\Users\xeeadmin\xee\apps\xee_ellsberg_paradox_simple\node_modules\react-swipeable-views\package.json
19 verbose installManyTop reading scoped package data from C:\Users\xeeadmin\xee\apps\xee_ellsberg_paradox_simple\node_modules\react-tap-event-plugin\package.json
20 verbose installManyTop reading scoped package data from C:\Users\xeeadmin\xee\apps\xee_ellsberg_paradox_simple\node_modules\react-throttle-render\package.json
21 verbose installManyTop reading scoped package data from C:\Users\xeeadmin\xee\apps\xee_ellsberg_paradox_simple\node_modules\react-tooltip\package.json
22 verbose installManyTop reading scoped package data from C:\Users\xeeadmin\xee\apps\xee_ellsberg_paradox_simple\node_modules\redux\package.json
23 verbose installManyTop reading scoped package data from C:\Users\xeeadmin\xee\apps\xee_ellsberg_paradox_simple\node_modules\redux-actions\package.json
24 verbose installManyTop reading scoped package data from C:\Users\xeeadmin\xee\apps\xee_ellsberg_paradox_simple\node_modules\redux-concatenate-reducers\package.json
25 verbose installManyTop reading scoped package data from C:\Users\xeeadmin\xee\apps\xee_ellsberg_paradox_simple\node_modules\redux-logger\package.json
26 verbose installManyTop reading scoped package data from C:\Users\xeeadmin\xee\apps\xee_ellsberg_paradox_simple\node_modules\redux-saga\package.json
27 verbose installManyTop reading scoped package data from C:\Users\xeeadmin\xee\apps\xee_ellsberg_paradox_simple\node_modules\webpack\package.json
28 info package.json react-tap-event-plugin@2.0.1 No license field.
29 verbose readDependencies loading dependencies from C:\Users\xeeadmin\xee\apps\xee_ellsberg_paradox_simple\package.json
30 silly cache add args [ 'json-loader', null ]
31 verbose cache add spec json-loader
32 silly cache add parsed spec Result {
32 silly cache add   raw: 'json-loader',
32 silly cache add   scope: null,
32 silly cache add   name: 'json-loader',
32 silly cache add   rawSpec: '',
32 silly cache add   spec: 'latest',
32 silly cache add   type: 'tag' }
33 silly addNamed json-loader@latest
34 verbose addNamed "latest" is being treated as a dist-tag for json-loader
35 info addNameTag [ 'json-loader', 'latest' ]
36 silly mapToRegistry name json-loader
37 silly mapToRegistry using default registry
38 silly mapToRegistry registry https://registry.npmjs.org/
39 silly mapToRegistry data Result {
39 silly mapToRegistry   raw: 'json-loader',
39 silly mapToRegistry   scope: null,
39 silly mapToRegistry   name: 'json-loader',
39 silly mapToRegistry   rawSpec: '',
39 silly mapToRegistry   spec: 'latest',
39 silly mapToRegistry   type: 'tag' }
40 silly mapToRegistry uri https://registry.npmjs.org/json-loader
41 verbose addNameTag registry:https://registry.npmjs.org/json-loader not in flight; fetching
42 verbose request uri https://registry.npmjs.org/json-loader
43 verbose request no auth needed
44 info attempt registry request try #1 at 10:46:56
45 verbose request id 10417a39c53506a6
46 verbose etag W/"582c66cd-30de"
47 verbose lastModified Wed, 16 Nov 2016 14:01:49 GMT
48 http request GET https://registry.npmjs.org/json-loader
49 http 304 https://registry.npmjs.org/json-loader
50 verbose headers { date: 'Sun, 25 Dec 2016 01:46:34 GMT',
50 verbose headers   via: '1.1 varnish',
50 verbose headers   'cache-control': 'max-age=300',
50 verbose headers   etag: 'W/"582c66cd-30de"',
50 verbose headers   age: '129',
50 verbose headers   connection: 'keep-alive',
50 verbose headers   'x-served-by': 'cache-itm7420-ITM',
50 verbose headers   'x-cache': 'HIT',
50 verbose headers   'x-cache-hits': '1',
50 verbose headers   'x-timer': 'S1482630394.189069,VS0,VE0',
50 verbose headers   vary: 'Accept-Encoding' }
51 silly get cb [ 304,
51 silly get   { date: 'Sun, 25 Dec 2016 01:46:34 GMT',
51 silly get     via: '1.1 varnish',
51 silly get     'cache-control': 'max-age=300',
51 silly get     etag: 'W/"582c66cd-30de"',
51 silly get     age: '129',
51 silly get     connection: 'keep-alive',
51 silly get     'x-served-by': 'cache-itm7420-ITM',
51 silly get     'x-cache': 'HIT',
51 silly get     'x-cache-hits': '1',
51 silly get     'x-timer': 'S1482630394.189069,VS0,VE0',
51 silly get     vary: 'Accept-Encoding' } ]
52 verbose etag https://registry.npmjs.org/json-loader from cache
53 verbose get saving json-loader to C:\Users\xeeadmin\AppData\Roaming\npm-cache\registry.npmjs.org\json-loader\.cache.json
54 verbose correctMkdir C:\Users\xeeadmin\AppData\Roaming\npm-cache correctMkdir not in flight; initializing
55 silly addNameTag next cb for json-loader with tag latest
56 silly addNamed json-loader@0.5.4
57 verbose addNamed "0.5.4" is a plain semver version for json-loader
58 silly cache afterAdd json-loader@0.5.4
59 verbose afterAdd C:\Users\xeeadmin\AppData\Roaming\npm-cache\json-loader\0.5.4\package\package.json not in flight; writing
60 verbose correctMkdir C:\Users\xeeadmin\AppData\Roaming\npm-cache correctMkdir not in flight; initializing
61 verbose afterAdd C:\Users\xeeadmin\AppData\Roaming\npm-cache\json-loader\0.5.4\package\package.json written
62 silly install resolved [ { name: 'json-loader',
62 silly install resolved     version: '0.5.4',
62 silly install resolved     author: { name: 'Tobias Koppers @sokra' },
62 silly install resolved     description: 'json loader module for webpack',
62 silly install resolved     license: 'MIT',
62 silly install resolved     repository:
62 silly install resolved      { type: 'git',
62 silly install resolved        url: 'git+https://github.com/webpack/json-loader.git' },
62 silly install resolved     gitHead: '1409807e8e32c4f54248ffe44624cd12c84a6202',
62 silly install resolved     bugs: { url: 'https://github.com/webpack/json-loader/issues' },
62 silly install resolved     homepage: 'https://github.com/webpack/json-loader#readme',
62 silly install resolved     _id: 'json-loader@0.5.4',
62 silly install resolved     scripts: {},
62 silly install resolved     _shasum: '8baa1365a632f58a3c46d20175fc6002c96e37de',
62 silly install resolved     _from: 'json-loader@latest',
62 silly install resolved     _npmVersion: '2.10.1',
62 silly install resolved     _nodeVersion: '0.12.4',
62 silly install resolved     _npmUser: { name: 'sokra', email: 'tobias.koppers@googlemail.com' },
62 silly install resolved     maintainers: [ [Object] ],
62 silly install resolved     dist:
62 silly install resolved      { shasum: '8baa1365a632f58a3c46d20175fc6002c96e37de',
62 silly install resolved        tarball: 'https://registry.npmjs.org/json-loader/-/json-loader-0.5.4.tgz' },
62 silly install resolved     directories: {},
62 silly install resolved     _resolved: 'https://registry.npmjs.org/json-loader/-/json-loader-0.5.4.tgz',
62 silly install resolved     readme: 'ERROR: No README data found!' } ]
63 info install json-loader@0.5.4 into C:\Users\xeeadmin\xee\apps\xee_ellsberg_paradox_simple
64 info installOne json-loader@0.5.4
65 verbose installOne of json-loader to C:\Users\xeeadmin\xee\apps\xee_ellsberg_paradox_simple not in flight; installing
66 verbose correctMkdir C:\Users\xeeadmin\AppData\Roaming\npm-cache\_locks correctMkdir not in flight; initializing
67 verbose lock using C:\Users\xeeadmin\AppData\Roaming\npm-cache\_locks\json-loader-140f6dc808781d8e.lock for C:\Users\xeeadmin\xee\apps\xee_ellsberg_paradox_simple\node_modules\json-loader
68 silly install write writing json-loader 0.5.4 to C:\Users\xeeadmin\xee\apps\xee_ellsberg_paradox_simple\node_modules\json-loader
69 verbose unbuild node_modules\json-loader
70 silly gentlyRm C:\Users\xeeadmin\xee\apps\xee_ellsberg_paradox_simple\node_modules\json-loader is being purged from base C:\Users\xeeadmin\xee\apps\xee_ellsberg_paradox_simple
71 verbose gentlyRm don't care about contents; nuking C:\Users\xeeadmin\xee\apps\xee_ellsberg_paradox_simple\node_modules\json-loader
72 verbose tar unpack C:\Users\xeeadmin\AppData\Roaming\npm-cache\json-loader\0.5.4\package.tgz
73 verbose tar unpacking to C:\Users\xeeadmin\xee\apps\xee_ellsberg_paradox_simple\node_modules\json-loader
74 silly gentlyRm C:\Users\xeeadmin\xee\apps\xee_ellsberg_paradox_simple\node_modules\json-loader is being purged
75 verbose gentlyRm don't care about contents; nuking C:\Users\xeeadmin\xee\apps\xee_ellsberg_paradox_simple\node_modules\json-loader
76 silly gunzTarPerm modes [ '777', '666' ]
77 silly gunzTarPerm extractEntry package.json
78 silly gunzTarPerm extractEntry README.md
79 silly gunzTarPerm extractEntry index.js
80 verbose write writing to C:\Users\xeeadmin\xee\apps\xee_ellsberg_paradox_simple\node_modules\json-loader\package.json
81 info preinstall json-loader@0.5.4
82 verbose readDependencies loading dependencies from C:\Users\xeeadmin\xee\apps\xee_ellsberg_paradox_simple\node_modules\json-loader\package.json
83 verbose readDependencies loading dependencies from C:\Users\xeeadmin\xee\apps\xee_ellsberg_paradox_simple\node_modules\json-loader\package.json
84 silly install resolved []
85 verbose about to build C:\Users\xeeadmin\xee\apps\xee_ellsberg_paradox_simple\node_modules\json-loader
86 info build C:\Users\xeeadmin\xee\apps\xee_ellsberg_paradox_simple\node_modules\json-loader
87 info linkStuff json-loader@0.5.4
88 silly linkStuff json-loader@0.5.4 has C:\Users\xeeadmin\xee\apps\xee_ellsberg_paradox_simple\node_modules as its parent node_modules
89 verbose linkBins json-loader@0.5.4
90 verbose linkMans json-loader@0.5.4
91 verbose rebuildBundles json-loader@0.5.4
92 info install json-loader@0.5.4
93 info postinstall json-loader@0.5.4
94 verbose unlock done using C:\Users\xeeadmin\AppData\Roaming\npm-cache\_locks\json-loader-140f6dc808781d8e.lock for C:\Users\xeeadmin\xee\apps\xee_ellsberg_paradox_simple\node_modules\json-loader
95 verbose validateInstall loading C:\Users\xeeadmin\xee\apps\xee_ellsberg_paradox_simple\package.json for validation
96 verbose stack Error: The package react@15.3.2 does not satisfy its siblings' peerDependencies requirements!
96 verbose stack     at C:\Program Files\nodejs\node_modules\npm\lib\install.js:125:32
96 verbose stack     at C:\Program Files\nodejs\node_modules\npm\lib\install.js:268:7
96 verbose stack     at C:\Program Files\nodejs\node_modules\npm\node_modules\read-installed\read-installed.js:142:5
96 verbose stack     at C:\Program Files\nodejs\node_modules\npm\node_modules\read-installed\read-installed.js:263:14
96 verbose stack     at cb (C:\Program Files\nodejs\node_modules\npm\node_modules\slide\lib\async-map.js:47:24)
96 verbose stack     at C:\Program Files\nodejs\node_modules\npm\node_modules\read-installed\read-installed.js:263:14
96 verbose stack     at cb (C:\Program Files\nodejs\node_modules\npm\node_modules\slide\lib\async-map.js:47:24)
96 verbose stack     at C:\Program Files\nodejs\node_modules\npm\node_modules\read-installed\read-installed.js:263:14
96 verbose stack     at cb (C:\Program Files\nodejs\node_modules\npm\node_modules\slide\lib\async-map.js:47:24)
96 verbose stack     at C:\Program Files\nodejs\node_modules\npm\node_modules\read-installed\read-installed.js:263:14
97 verbose cwd C:\Users\xeeadmin\xee\apps\xee_ellsberg_paradox_simple
98 error Windows_NT 10.0.14393
99 error argv "C:\\Program Files\\nodejs\\node.exe" "C:\\Program Files\\nodejs\\node_modules\\npm\\bin\\npm-cli.js" "install" "--save" "json-loader"
100 error node v4.5.0
101 error npm  v2.15.9
102 error code EPEERINVALID
103 error peerinvalid The package react@15.3.2 does not satisfy its siblings' peerDependencies requirements!
103 error peerinvalid Peer material-ui@0.15.4 wants react@^15.0.0
103 error peerinvalid Peer react-dom@15.4.1 wants react@^15.4.1
103 error peerinvalid Peer react-highcharts@10.0.0 wants react@~0.14 || ^15.0.0
103 error peerinvalid Peer react-motion@0.4.7 wants react@>=0.13.2 || ^0.14 || ^15.0.0
103 error peerinvalid Peer react-redux@4.4.6 wants react@^0.14.0 || ^15.0.0-0 || ^15.4.0-0
103 error peerinvalid Peer react-swipeable-views@0.7.11 wants react@^15.0.0 || ^0.14.0
103 error peerinvalid Peer react-tap-event-plugin@2.0.1 wants react@^15.4.0-0
103 error peerinvalid Peer react-throttle-render@1.2.1 wants react@^0.14.0 || ^15.0
103 error peerinvalid Peer react-tooltip@3.2.2 wants react@^0.14.0 || ^15.0.0
104 verbose exit [ 1, true ]
